Calibrating ...
Simulating ...
Neural activity simulation time: 5000.000 ms
Calibrating ...
Simulating ...
Neural activity simulation time: 5000.000 ms
Calibrating ...
Simulating ...
Neural activity simulation time: 5000.000 ms
Calibrating ...
Simulating ...
Neural activity simulation time: 5000.000 ms
Calibrating ...
Simulating ...
Neural activity simulation time: 5000.000 ms
Calibrating ...
Simulating ...
Neural activity simulation time: 5000.000 ms
Calibrating ...
Simulating ...
Neural activity simulation time: 5000.000 ms
Calibrating ...
Simulating ...
Neural activity simulation time: 5000.000 ms
Calibrating ...
Simulating ...
Neural activity simulation time: 5000.000 ms
Calibrating ...
Simulating ...
Neural activity simulation time: 5000.000 ms
Calibrating ...
Simulating ...
Neural activity simulation time: 5000.000 ms
Calibrating ...
Simulating ...
Neural activity simulation time: 5000.000 ms
Calibrating ...
Simulating ...
Neural activity simulation time: 5000.000 ms
Calibrating ...
Simulating ...
Neural activity simulation time: 5000.000 ms
Calibrating ...
Simulating ...
Neural activity simulation time: 5000.000 ms
Calibrating ...
Simulating ...
Neural activity simulation time: 5000.000 ms
Calibrating ...
Simulating ...
Neural activity simulation time: 5000.000 ms
Calibrating ...
Simulating ...
Neural activity simulation time: 5000.000 ms
Calibrating ...
Simulating ...
Neural activity simulation time: 5000.000 ms
Calibrating ...
Simulating ...
Neural activity simulation time: 5000.000 ms

              -- NEST GPU --

  Copyright (C) 2021 The NEST Initiative

 This program is provided AS IS and comes with
 NO WARRANTY. See the file LICENSE for details.

 Homepage: https://github.com/nest/nest-gpu

SUCCESS

  SpikeBufferUpdate_time: 0.161114
  poisson_generator_time: 0.00311092
  neuron_Update_time: 0.664697
  copy_ext_spike_time: 0
  SendExternalSpike_time: 0
  SendSpikeToRemote_time: 0
  RecvSpikeFromRemote_time: 0
  NestedLoop_time: 0.00371506
  GetSpike_time: 0.34101
  SpikeReset_time: 0.160773
  ExternalSpikeReset_time: 0
Building time: 0.234099
Simulation time: 255.488

              -- NEST GPU --

  Copyright (C) 2021 The NEST Initiative

 This program is provided AS IS and comes with
 NO WARRANTY. See the file LICENSE for details.

 Homepage: https://github.com/nest/nest-gpu

SUCCESS

  SpikeBufferUpdate_time: 0.139738
  poisson_generator_time: 0.00310472
  neuron_Update_time: 0.579183
  copy_ext_spike_time: 0
  SendExternalSpike_time: 0
  SendSpikeToRemote_time: 0
  RecvSpikeFromRemote_time: 0
  NestedLoop_time: 0.00317216
  GetSpike_time: 0.299406
  SpikeReset_time: 0.138054
  ExternalSpikeReset_time: 0
Building time: 0.244931
Simulation time: 255.598

              -- NEST GPU --

  Copyright (C) 2021 The NEST Initiative

 This program is provided AS IS and comes with
 NO WARRANTY. See the file LICENSE for details.

 Homepage: https://github.com/nest/nest-gpu

SUCCESS

  SpikeBufferUpdate_time: 0.149424
  poisson_generator_time: 0.00261911
  neuron_Update_time: 0.608457
  copy_ext_spike_time: 0
  SendExternalSpike_time: 0
  SendSpikeToRemote_time: 0
  RecvSpikeFromRemote_time: 0
  NestedLoop_time: 0.0035217
  GetSpike_time: 0.319064
  SpikeReset_time: 0.144217
  ExternalSpikeReset_time: 0
Building time: 0.256582
Simulation time: 255.626

              -- NEST GPU --

  Copyright (C) 2021 The NEST Initiative

 This program is provided AS IS and comes with
 NO WARRANTY. See the file LICENSE for details.

 Homepage: https://github.com/nest/nest-gpu

SUCCESS

  SpikeBufferUpdate_time: 0.152659
  poisson_generator_time: 0.00256689
  neuron_Update_time: 0.635943
  copy_ext_spike_time: 0
  SendExternalSpike_time: 0
  SendSpikeToRemote_time: 0
  RecvSpikeFromRemote_time: 0
  NestedLoop_time: 0.00366988
  GetSpike_time: 0.33889
  SpikeReset_time: 0.151285
  ExternalSpikeReset_time: 0
Building time: 0.224266
Simulation time: 255.762

              -- NEST GPU --

  Copyright (C) 2021 The NEST Initiative

 This program is provided AS IS and comes with
 NO WARRANTY. See the file LICENSE for details.

 Homepage: https://github.com/nest/nest-gpu

SUCCESS

  SpikeBufferUpdate_time: 0.141571
  poisson_generator_time: 0.00263552
  neuron_Update_time: 0.581512
  copy_ext_spike_time: 0
  SendExternalSpike_time: 0
  SendSpikeToRemote_time: 0
  RecvSpikeFromRemote_time: 0
  NestedLoop_time: 0.00331244
  GetSpike_time: 0.303708
  SpikeReset_time: 0.138141
  ExternalSpikeReset_time: 0
Building time: 0.252209
Simulation time: 255.822

              -- NEST GPU --

  Copyright (C) 2021 The NEST Initiative

 This program is provided AS IS and comes with
 NO WARRANTY. See the file LICENSE for details.

 Homepage: https://github.com/nest/nest-gpu

SUCCESS

  SpikeBufferUpdate_time: 0.163671
  poisson_generator_time: 0.00247733
  neuron_Update_time: 0.672994
  copy_ext_spike_time: 0
  SendExternalSpike_time: 0
  SendSpikeToRemote_time: 0
  RecvSpikeFromRemote_time: 0
  NestedLoop_time: 0.0036442
  GetSpike_time: 0.344561
  SpikeReset_time: 0.161002
  ExternalSpikeReset_time: 0
Building time: 0.25534
Simulation time: 255.795

              -- NEST GPU --

  Copyright (C) 2021 The NEST Initiative

 This program is provided AS IS and comes with
 NO WARRANTY. See the file LICENSE for details.

 Homepage: https://github.com/nest/nest-gpu

SUCCESS

  SpikeBufferUpdate_time: 0.163575
  poisson_generator_time: 0.00268595
  neuron_Update_time: 0.672993
  copy_ext_spike_time: 0
  SendExternalSpike_time: 0
  SendSpikeToRemote_time: 0
  RecvSpikeFromRemote_time: 0
  NestedLoop_time: 0.00373445
  GetSpike_time: 0.346624
  SpikeReset_time: 0.165722
  ExternalSpikeReset_time: 0
Building time: 0.238521
Simulation time: 255.779

              -- NEST GPU --

  Copyright (C) 2021 The NEST Initiative

 This program is provided AS IS and comes with
 NO WARRANTY. See the file LICENSE for details.

 Homepage: https://github.com/nest/nest-gpu

SUCCESS

              -- NEST GPU --

  Copyright (C) 2021 The NEST Initiative

 This program is provided AS IS and comes with
 NO WARRANTY. See the file LICENSE for details.

 Homepage: https://github.com/nest/nest-gpu

SUCCESS

  SpikeBufferUpdate_time: 0.166884
  poisson_generator_time: 0.00271692
  neuron_Update_time: 0.684041
  copy_ext_spike_time: 0
  SendExternalSpike_time: 0
  SendSpikeToRemote_time: 0
  RecvSpikeFromRemote_time: 0
  NestedLoop_time: 0.00394466
  GetSpike_time: 0.358979
  SpikeReset_time: 0.164411
  ExternalSpikeReset_time: 0
Building time: 0.23544
Simulation time: 255.784

  SpikeBufferUpdate_time: 0.162349
  poisson_generator_time: 0.00278714
  neuron_Update_time: 0.66674
  copy_ext_spike_time: 0
  SendExternalSpike_time: 0
  SendSpikeToRemote_time: 0
  RecvSpikeFromRemote_time: 0
  NestedLoop_time: 0.00365889
  GetSpike_time: 0.344963
  SpikeReset_time: 0.160617
  ExternalSpikeReset_time: 0
Building time: 0.231905
Simulation time: 255.795

              -- NEST GPU --

  Copyright (C) 2021 The NEST Initiative

 This program is provided AS IS and comes with
 NO WARRANTY. See the file LICENSE for details.

 Homepage: https://github.com/nest/nest-gpu

SUCCESS

  SpikeBufferUpdate_time: 0.139376
  poisson_generator_time: 0.00253951
  neuron_Update_time: 0.572158
  copy_ext_spike_time: 0
  SendExternalSpike_time: 0
  SendSpikeToRemote_time: 0
  RecvSpikeFromRemote_time: 0
  NestedLoop_time: 0.00326687
  GetSpike_time: 0.299106
  SpikeReset_time: 0.137743
  ExternalSpikeReset_time: 0
Building time: 0.226942
Simulation time: 255.793

              -- NEST GPU --

  Copyright (C) 2021 The NEST Initiative

 This program is provided AS IS and comes with
 NO WARRANTY. See the file LICENSE for details.

 Homepage: https://github.com/nest/nest-gpu

SUCCESS

  SpikeBufferUpdate_time: 0.140431
  poisson_generator_time: 0.00334011
  neuron_Update_time: 0.59085
  copy_ext_spike_time: 0
  SendExternalSpike_time: 0
  SendSpikeToRemote_time: 0
  RecvSpikeFromRemote_time: 0
  NestedLoop_time: 0.00337423
  GetSpike_time: 0.308543
  SpikeReset_time: 0.140801
  ExternalSpikeReset_time: 0
Building time: 0.255008
Simulation time: 255.82

              -- NEST GPU --

  Copyright (C) 2021 The NEST Initiative

 This program is provided AS IS and comes with
 NO WARRANTY. See the file LICENSE for details.

 Homepage: https://github.com/nest/nest-gpu

SUCCESS

  SpikeBufferUpdate_time: 0.16555
  poisson_generator_time: 0.00389106
  neuron_Update_time: 0.710537
  copy_ext_spike_time: 0
  SendExternalSpike_time: 0
  SendSpikeToRemote_time: 0
  RecvSpikeFromRemote_time: 0
  NestedLoop_time: 0.00446526
  GetSpike_time: 0.373582
  SpikeReset_time: 0.163709
  ExternalSpikeReset_time: 0
Building time: 0.251847
Simulation time: 255.841

              -- NEST GPU --

  Copyright (C) 2021 The NEST Initiative

 This program is provided AS IS and comes with
 NO WARRANTY. See the file LICENSE for details.

 Homepage: https://github.com/nest/nest-gpu

SUCCESS

  SpikeBufferUpdate_time: 0.154894
  poisson_generator_time: 0.00294476
  neuron_Update_time: 0.646945
  copy_ext_spike_time: 0
  SendExternalSpike_time: 0
  SendSpikeToRemote_time: 0
  RecvSpikeFromRemote_time: 0
  NestedLoop_time: 0.00401362
  GetSpike_time: 0.352322
  SpikeReset_time: 0.151173
  ExternalSpikeReset_time: 0
Building time: 0.183467
Simulation time: 255.83

              -- NEST GPU --

  Copyright (C) 2021 The NEST Initiative

 This program is provided AS IS and comes with
 NO WARRANTY. See the file LICENSE for details.

 Homepage: https://github.com/nest/nest-gpu

SUCCESS

              -- NEST GPU --

  Copyright (C) 2021 The NEST Initiative

 This program is provided AS IS and comes with
 NO WARRANTY. See the file LICENSE for details.

 Homepage: https://github.com/nest/nest-gpu

SUCCESS

  SpikeBufferUpdate_time: 0.16124
  poisson_generator_time: 0.00292735
  neuron_Update_time: 0.662118
  copy_ext_spike_time: 0
  SendExternalSpike_time: 0
  SendSpikeToRemote_time: 0
  RecvSpikeFromRemote_time: 0
  NestedLoop_time: 0.00393521
  GetSpike_time: 0.348918
  SpikeReset_time: 0.159353
  ExternalSpikeReset_time: 0
Building time: 0.358479
Simulation time: 255.747

  SpikeBufferUpdate_time: 0.149887
  poisson_generator_time: 0.00307056
  neuron_Update_time: 0.625731
  copy_ext_spike_time: 0
  SendExternalSpike_time: 0
  SendSpikeToRemote_time: 0
  RecvSpikeFromRemote_time: 0
  NestedLoop_time: 0.0035585
  GetSpike_time: 0.326031
  SpikeReset_time: 0.150431
  ExternalSpikeReset_time: 0
Building time: 0.255317
Simulation time: 255.915

              -- NEST GPU --

  Copyright (C) 2021 The NEST Initiative

 This program is provided AS IS and comes with
 NO WARRANTY. See the file LICENSE for details.

 Homepage: https://github.com/nest/nest-gpu

SUCCESS

  SpikeBufferUpdate_time: 0.163868
  poisson_generator_time: 0.00260846
  neuron_Update_time: 0.671892
  copy_ext_spike_time: 0
  SendExternalSpike_time: 0
  SendSpikeToRemote_time: 0
  RecvSpikeFromRemote_time: 0
  NestedLoop_time: 0.00385995
  GetSpike_time: 0.352864
  SpikeReset_time: 0.162331
  ExternalSpikeReset_time: 0
Building time: 0.231354
Simulation time: 255.868

              -- NEST GPU --

  Copyright (C) 2021 The NEST Initiative

 This program is provided AS IS and comes with
 NO WARRANTY. See the file LICENSE for details.

 Homepage: https://github.com/nest/nest-gpu

SUCCESS

              -- NEST GPU --

  Copyright (C) 2021 The NEST Initiative

 This program is provided AS IS and comes with
 NO WARRANTY. See the file LICENSE for details.

 Homepage: https://github.com/nest/nest-gpu

SUCCESS

              -- NEST GPU --

  Copyright (C) 2021 The NEST Initiative

 This program is provided AS IS and comes with
 NO WARRANTY. See the file LICENSE for details.

 Homepage: https://github.com/nest/nest-gpu

SUCCESS

              -- NEST GPU --

  Copyright (C) 2021 The NEST Initiative

 This program is provided AS IS and comes with
 NO WARRANTY. See the file LICENSE for details.

 Homepage: https://github.com/nest/nest-gpu

SUCCESS

  SpikeBufferUpdate_time: 0.151187
  poisson_generator_time: 0.00356077
  neuron_Update_time: 0.620168
  copy_ext_spike_time: 0
  SendExternalSpike_time: 0
  SendSpikeToRemote_time: 0
  RecvSpikeFromRemote_time: 0
  NestedLoop_time: 0.00364596
  GetSpike_time: 0.329109
  SpikeReset_time: 0.148689
  ExternalSpikeReset_time: 0
Building time: 0.24561
Simulation time: 255.936

  SpikeBufferUpdate_time: 0.143726
  poisson_generator_time: 0.00293628
  neuron_Update_time: 0.586452
  copy_ext_spike_time: 0
  SendExternalSpike_time: 0
  SendSpikeToRemote_time: 0
  RecvSpikeFromRemote_time: 0
  NestedLoop_time: 0.00333023
  GetSpike_time: 0.308689
  SpikeReset_time: 0.138624
  ExternalSpikeReset_time: 0
Building time: 0.225286
Simulation time: 255.919

  SpikeBufferUpdate_time: 0.141352
  poisson_generator_time: 0.00295015
  neuron_Update_time: 0.579331
  copy_ext_spike_time: 0
  SendExternalSpike_time: 0
  SendSpikeToRemote_time: 0
  RecvSpikeFromRemote_time: 0
  NestedLoop_time: 0.00330886
  GetSpike_time: 0.306941
  SpikeReset_time: 0.139004
  ExternalSpikeReset_time: 0
Building time: 0.332961
Simulation time: 255.812

  SpikeBufferUpdate_time: 0.141455
  poisson_generator_time: 0.00261611
  neuron_Update_time: 0.576014
  copy_ext_spike_time: 0
  SendExternalSpike_time: 0
  SendSpikeToRemote_time: 0
  RecvSpikeFromRemote_time: 0
  NestedLoop_time: 0.00334394
  GetSpike_time: 0.301593
  SpikeReset_time: 0.139868
  ExternalSpikeReset_time: 0
Building time: 0.232042
Simulation time: 255.949
